<?xml version="1.0" encoding="UTF-8"?>
<!-- Generated by org.testng.reporters.JUnitXMLReporter -->
<testsuite hostname="DESKTOP-B6FJLPG" ignored="0" name="Validating Login in the HomePage" tests="2" failures="0" timestamp="09 十月 2017 22:18:20 GMT" time="13.331" errors="0">
  <testcase name="validateLoginUser" time="2.244" classname="Academy.validateLogin"/>
  <testcase name="validateLoginUser" time="1.629" classname="Academy.validateLogin"/>
</testsuite> <!-- Validating Login in the HomePage -->
