<?xml version="1.0" encoding="UTF-8"?>
<testsuite xmlns:xsi="http://www.w3.org/2001/XMLSchema-instance" xsi:noNamespaceSchemaLocation="https://maven.apache.org/surefire/maven-surefire-plugin/xsd/surefire-test-report.xsd" name="TestSuite" time="48.324" tests="4" errors="0" skipped="0" failures="0">
  <properties>
[...]
</properties>
  <testcase name="baseSearchForPhone" classname="Academy.HomePage" time="18.915"/>
  <testcase name="validateLoginUser" classname="Academy.validateLogin" time="2.243"/>
  <testcase name="validateLoginUser" classname="Academy.validateLogin" time="1.629"/>
  <testcase name="createNewUser" classname="Academy.validateRegister" time="0.198"/>
</testsuite>