<testsuites>
<testsuite name="acceptance (headless)" tests="16" assertions="56" errors="0" failures="0" skipped="0" time="266.747186">
<testcase file="/var/lib/jenkins/workspace/UI_Tests_Codeception/PXIe/tests/acceptance/FTBx/checkFtbxDesktopView.feature" name="checkFtbxDesktopView: try checkFtbxDesktopView" feature="try checkFtbxDesktopView" assertions="6" time="1.455453"/>
<testcase file="/var/lib/jenkins/workspace/UI_Tests_Codeception/PXIe/tests/acceptance/FTBx/checkFtbxDeviceInfo.feature" name="checkFtbxDeviceInfo: try checkFtbxDeviceInfo | COMPANY, EXFO Inc" feature="try checkFtbxDeviceInfo | COMPANY, EXFO Inc" assertions="2" time="0.244449"/>
<testcase file="/var/lib/jenkins/workspace/UI_Tests_Codeception/PXIe/tests/acceptance/FTBx/checkFtbxDeviceInfo.feature" name="checkFtbxDeviceInfo: try checkFtbxDeviceInfo | MODEL, EXFOServer" feature="try checkFtbxDeviceInfo | MODEL, EXFOServer" assertions="2" time="0.777735"/>
<testcase file="/var/lib/jenkins/workspace/UI_Tests_Codeception/PXIe/tests/acceptance/FTBx/checkFtbxDeviceInfo.feature" name="checkFtbxDeviceInfo: try checkFtbxDeviceInfo | SERIAL, LTB8-1075321" feature="try checkFtbxDeviceInfo | SERIAL, LTB8-1075321" assertions="2" time="0.700865"/>
<testcase file="/var/lib/jenkins/workspace/UI_Tests_Codeception/PXIe/tests/acceptance/FTBx/checkFtbxDeviceInfo.feature" name="checkFtbxDeviceInfo: try checkFtbxDeviceInfo | VERSION, FWv1.00.02" feature="try checkFtbxDeviceInfo | VERSION, FWv1.00.02" assertions="2" time="0.453591"/>
<testcase file="/var/lib/jenkins/workspace/UI_Tests_Codeception/PXIe/tests/acceptance/FTBx/checkFtbxDeviceInfo.feature" name="checkFtbxDeviceInfo: try checkFtbxDeviceInfo | UI VERSION, 1.02.00" feature="try checkFtbxDeviceInfo | UI VERSION, 1.02.00" assertions="2" time="0.460235"/>
<testcase file="/var/lib/jenkins/workspace/UI_Tests_Codeception/PXIe/tests/acceptance/FTBx/checkFtbxFreqFunction.feature" name="checkFtbxFreqFunction: try checkFtbxFreqFunction" feature="try checkFtbxFreqFunction" assertions="5" time="37.883103"/>
<testcase file="/var/lib/jenkins/workspace/UI_Tests_Codeception/PXIe/tests/acceptance/FTBx/checkFtbxFreqPlusMinusKeys.feature" name="checkFtbxFreqPlusMinusKeys: try checkFtbxFreqPlusMinusKeys" feature="try checkFtbxFreqPlusMinusKeys" assertions="4" time="51.394027"/>
<testcase file="/var/lib/jenkins/workspace/UI_Tests_Codeception/PXIe/tests/acceptance/FTBx/checkFtbxPage.feature" name="checkFtbxPage: try checkFtbxPage" feature="try checkFtbxPage" assertions="8" time="31.721083"/>
<testcase file="/var/lib/jenkins/workspace/UI_Tests_Codeception/PXIe/tests/acceptance/FTBx/checkFtbxPowerFunction.feature" name="checkFtbxPowerFunction: try checkFtbxPowerFunction" feature="try checkFtbxPowerFunction" assertions="5" time="37.683644"/>
<testcase file="/var/lib/jenkins/workspace/UI_Tests_Codeception/PXIe/tests/acceptance/FTBx/checkFtbxPwrPlusMinusKeys.feature" name="checkFtbxPwrPlusMinusKeys: try checkFtbxPwrPlusMinusKeys" feature="try checkFtbxPwrPlusMinusKeys" assertions="4" time="66.505064"/>
<testcase file="/var/lib/jenkins/workspace/UI_Tests_Codeception/PXIe/tests/acceptance/FTBx/checkFtbxStateChange.feature" name="checkFtbxStateChange: try checkFtbxStateChange" feature="try checkFtbxStateChange" assertions="4" time="35.959233"/>
<testcase file="/var/lib/jenkins/workspace/UI_Tests_Codeception/PXIe/tests/acceptance/FTBx/checkFtbxStepSizeChange.feature" name="checkStepSizeChange: try checkStepSizeChange | attenuationstep, 1.0" feature="try checkStepSizeChange | attenuationstep, 1.0" assertions="2" time="0.371259"/>
<testcase file="/var/lib/jenkins/workspace/UI_Tests_Codeception/PXIe/tests/acceptance/FTBx/checkFtbxStepSizeChange.feature" name="checkStepSizeChange: try checkStepSizeChange | powerstep, 1.0" feature="try checkStepSizeChange | powerstep, 1.0" assertions="2" time="0.397156"/>
<testcase file="/var/lib/jenkins/workspace/UI_Tests_Codeception/PXIe/tests/acceptance/FTBx/checkFtbxStepSizeChange.feature" name="checkStepSizeChange: try checkStepSizeChange | frequencystep, 1.0" feature="try checkStepSizeChange | frequencystep, 1.0" assertions="2" time="0.358360"/>
<testcase file="/var/lib/jenkins/workspace/UI_Tests_Codeception/PXIe/tests/acceptance/FTBx/checkFtbxUnitsPage.feature" name="checkFtbxUnitsPage: try checkFtbxUnitsPage" feature="try checkFtbxUnitsPage" assertions="4" time="0.381930"/>
</testsuite>
<testsuite name="acceptance (headless)" tests="16" assertions="56" errors="0" failures="0" skipped="0" time="266.747186">...</testsuite>
</testsuites>
